<?xml version="1.0" encoding="UTF-8"?>
<!-- Generated by org.testng.reporters.JUnitXMLReporter -->
<testsuite ignored="5" hostname="ankita" failures="0" tests="1" name="Default test" time="11.966" errors="0" timestamp="2025-03-08T16:12:27 IST">
  <testcase classname="testcaseHealthcare.HomePageTestcasesForHealthcare" name="registerAPatient" time="7.17"/>
  <testcase classname="testcaseHealthcare.HomePageTestcasesForHealthcare" name="toverifyCaptureVitials" time="0.0">
    <ignored/>
  </testcase> <!-- toverifyCaptureVitials -->
  <testcase classname="testcaseHealthcare.HomePageTestcasesForHealthcare" name="toVerifyFindPatientRecordOrNot" time="0.0">
    <ignored/>
  </testcase> <!-- toVerifyFindPatientRecordOrNot -->
  <testcase classname="testcaseHealthcare.HomePageTestcasesForHealthcare" name="toverifyThatAppointmentScheduleOrNot" time="0.0">
    <ignored/>
  </testcase> <!-- toverifyThatAppointmentScheduleOrNot -->
  <testcase classname="testcaseHealthcare.HomePageTestcasesForHealthcare" name="toverifyThatManageServiceType" time="0.0">
    <ignored/>
  </testcase> <!-- toverifyThatManageServiceType -->
  <testcase classname="testcaseHealthcare.HomePageTestcasesForHealthcare" name="StartVisitOfPatient" time="0.0">
    <ignored/>
  </testcase> <!-- StartVisitOfPatient -->
</testsuite> <!-- Default test -->
