<?xml version="1.0" encoding="UTF-8"?>
<testng-results ignored="5" total="6" passed="1" failed="0" skipped="0">
  <reporter-output>
  </reporter-output>
  <suite started-at="2025-03-08T16:12:15 IST" name="Default suite" finished-at="2025-03-08T16:12:27 IST" duration-ms="11966">
    <groups>
    </groups>
    <test started-at="2025-03-08T16:12:15 IST" name="Default test" finished-at="2025-03-08T16:12:27 IST" duration-ms="11966">
      <class name="testcaseHealthcare.HomePageTestcasesForHealthcare">
        <test-method is-config="true" signature="setup()[pri:0, instance:testcaseHealthcare.HomePageTestcasesForHealthcare@73194df]" started-at="2025-03-08T16:12:15 IST" name="setup" finished-at="2025-03-08T16:12:19 IST" duration-ms="4643" status="PASS">
          <reporter-output>
          </reporter-output>
        </test-method> <!-- setup -->
        <test-method signature="registerAPatient()[pri:0, instance:testcaseHealthcare.HomePageTestcasesForHealthcare@73194df]" started-at="2025-03-08T16:12:19 IST" name="registerAPatient" finished-at="2025-03-08T16:12:27 IST" duration-ms="7170" status="PASS">
          <reporter-output>
          </reporter-output>
        </test-method> <!-- registerAPatient -->
        <test-method is-config="true" signature="closeBrowser()[pri:0, instance:testcaseHealthcare.HomePageTestcasesForHealthcare@73194df]" started-at="2025-03-08T16:12:27 IST" name="closeBrowser" finished-at="2025-03-08T16:12:27 IST" duration-ms="1" status="PASS">
          <reporter-output>
          </reporter-output>
        </test-method> <!-- closeBrowser -->
      </class> <!-- testcaseHealthcare.HomePageTestcasesForHealthcare -->
    </test> <!-- Default test -->
  </suite> <!-- Default suite -->
</testng-results>
